This file contains any messages produced by compilers while
running configure, to aid debugging if configure makes a mistake.

It was created by badml configure 0.1, which was
generated by GNU Autoconf 2.71.  Invocation command line was

  $ ./configure --no-create --no-recursion

## --------- ##
## Platform. ##
## --------- ##

hostname = fedora.fritz.box
uname -m = x86_64
uname -r = 6.5.8-200.fc38.x86_64
uname -s = Linux
uname -v = #1 SMP PREEMPT_DYNAMIC Fri Oct 20 15:53:48 UTC 2023

/usr/bin/uname -p = unknown
/bin/uname -X     = unknown

/bin/arch              = x86_64
/usr/bin/arch -k       = unknown
/usr/convex/getsysinfo = unknown
/usr/bin/hostinfo      = unknown
/bin/machine           = unknown
/usr/bin/oslevel       = unknown
/bin/universe          = unknown

PATH: /opt/gradle/gradle-7.1/bin/
PATH: /home/jonas/.local/bin/
PATH: /usr/local/bin/
PATH: /home/jonas/.cargo/bin/
PATH: /opt/gradle/gradle-7.1/bin/
PATH: /home/jonas/.local/bin/
PATH: /usr/local/bin/
PATH: /usr/local/bin/
PATH: /usr/local/sbin/
PATH: /usr/bin/
PATH: /usr/sbin/
PATH: /home/jonas/.dotnet/tools/


## ----------- ##
## Core tests. ##
## ----------- ##

configure:2826: looking for aux files: config.guess config.sub ltmain.sh ar-lib missing install-sh compile
configure:2839:  trying ./build-aux/
configure:2868:   ./build-aux/config.guess found
configure:2868:   ./build-aux/config.sub found
configure:2868:   ./build-aux/ltmain.sh found
configure:2868:   ./build-aux/ar-lib found
configure:2868:   ./build-aux/missing found
configure:2850:   ./build-aux/install-sh found
configure:2868:   ./build-aux/compile found
configure:3054: checking for g++
configure:3075: found /usr/bin/g++
configure:3086: result: g++
configure:3113: checking for C++ compiler version
configure:3122: g++ --version >&5
g++ (GCC) 13.2.1 20231011 (Red Hat 13.2.1-4)
Copyright (C) 2023 Free Software Foundation, Inc.
This is free software; see the source for copying conditions.  There is NO
warranty; not even for MERCHANTABILITY or FITNESS FOR A PARTICULAR PURPOSE.

configure:3133: $? = 0
configure:3122: g++ -v >&5
Using built-in specs.
COLLECT_GCC=g++
COLLECT_LTO_WRAPPER=/usr/libexec/gcc/x86_64-redhat-linux/13/lto-wrapper
OFFLOAD_TARGET_NAMES=nvptx-none
OFFLOAD_TARGET_DEFAULT=1
Target: x86_64-redhat-linux
Configured with: ../configure --enable-bootstrap --enable-languages=c,c++,fortran,objc,obj-c++,ada,go,d,m2,lto --prefix=/usr --mandir=/usr/share/man --infodir=/usr/share/info --with-bugurl=http://bugzilla.redhat.com/bugzilla --enable-shared --enable-threads=posix --enable-checking=release --enable-multilib --with-system-zlib --enable-__cxa_atexit --disable-libunwind-exceptions --enable-gnu-unique-object --enable-linker-build-id --with-gcc-major-version-only --enable-libstdcxx-backtrace --with-libstdcxx-zoneinfo=/usr/share/zoneinfo --with-linker-hash-style=gnu --enable-plugin --enable-initfini-array --with-isl=/builddir/build/BUILD/gcc-13.2.1-20231011/obj-x86_64-redhat-linux/isl-install --enable-offload-targets=nvptx-none --without-cuda-driver --enable-offload-defaulted --enable-gnu-indirect-function --enable-cet --with-tune=generic --with-arch_32=i686 --build=x86_64-redhat-linux --with-build-config=bootstrap-lto --enable-link-serialization=1
Thread model: posix
Supported LTO compression algorithms: zlib zstd
gcc version 13.2.1 20231011 (Red Hat 13.2.1-4) (GCC) 
... rest of stderr output deleted ...
configure:3133: $? = 0
configure:3122: g++ -V >&5
g++: error: unrecognized command-line option '-V'
g++: fatal error: no input files
compilation terminated.
configure:3133: $? = 1
configure:3122: g++ -qversion >&5
g++: error: unrecognized command-line option '-qversion'; did you mean '--version'?
g++: fatal error: no input files
compilation terminated.
configure:3133: $? = 1
configure:3153: checking whether the C++ compiler works
configure:3175: g++    conftest.cpp  >&5
configure:3179: $? = 0
configure:3229: result: yes
configure:3232: checking for C++ compiler default output file name
configure:3234: result: a.out
configure:3240: checking for suffix of executables
configure:3247: g++ -o conftest    conftest.cpp  >&5
configure:3251: $? = 0
configure:3274: result: 
configure:3296: checking whether we are cross compiling
configure:3304: g++ -o conftest    conftest.cpp  >&5
configure:3308: $? = 0
configure:3315: ./conftest
configure:3319: $? = 0
configure:3334: result: no
configure:3339: checking for suffix of object files
configure:3362: g++ -c   conftest.cpp >&5
configure:3366: $? = 0
configure:3388: result: o
configure:3392: checking whether the compiler supports GNU C++
configure:3412: g++ -c   conftest.cpp >&5
configure:3412: $? = 0
configure:3422: result: yes
configure:3433: checking whether g++ accepts -g
configure:3454: g++ -c -g  conftest.cpp >&5
configure:3454: $? = 0
configure:3498: result: yes
configure:3518: checking for g++ option to enable C++11 features
configure:3533: g++  -c -g -O2  conftest.cpp >&5
conftest.cpp: In function 'int main(int, char**)':
conftest.cpp:175:25: warning: empty parentheses were disambiguated as a function declaration [-Wvexing-parse]
  175 |   cxx11test::delegate d2();
      |                         ^~
conftest.cpp:175:25: note: remove parentheses to default-initialize a variable
  175 |   cxx11test::delegate d2();
      |                         ^~
      |                         --
conftest.cpp:175:25: note: or replace parentheses with braces to value-initialize a variable
configure:3533: $? = 0
configure:3551: result: none needed
configure:3619: checking for gawk
configure:3640: found /usr/bin/gawk
configure:3651: result: gawk
configure:3724: checking for gcc
configure:3745: found /usr/bin/gcc
configure:3756: result: gcc
configure:4109: checking for C compiler version
configure:4118: gcc --version >&5
gcc (GCC) 13.2.1 20231011 (Red Hat 13.2.1-4)
Copyright (C) 2023 Free Software Foundation, Inc.
This is free software; see the source for copying conditions.  There is NO
warranty; not even for MERCHANTABILITY or FITNESS FOR A PARTICULAR PURPOSE.

configure:4129: $? = 0
configure:4118: gcc -v >&5
Using built-in specs.
COLLECT_GCC=gcc
COLLECT_LTO_WRAPPER=/usr/libexec/gcc/x86_64-redhat-linux/13/lto-wrapper
OFFLOAD_TARGET_NAMES=nvptx-none
OFFLOAD_TARGET_DEFAULT=1
Target: x86_64-redhat-linux
Configured with: ../configure --enable-bootstrap --enable-languages=c,c++,fortran,objc,obj-c++,ada,go,d,m2,lto --prefix=/usr --mandir=/usr/share/man --infodir=/usr/share/info --with-bugurl=http://bugzilla.redhat.com/bugzilla --enable-shared --enable-threads=posix --enable-checking=release --enable-multilib --with-system-zlib --enable-__cxa_atexit --disable-libunwind-exceptions --enable-gnu-unique-object --enable-linker-build-id --with-gcc-major-version-only --enable-libstdcxx-backtrace --with-libstdcxx-zoneinfo=/usr/share/zoneinfo --with-linker-hash-style=gnu --enable-plugin --enable-initfini-array --with-isl=/builddir/build/BUILD/gcc-13.2.1-20231011/obj-x86_64-redhat-linux/isl-install --enable-offload-targets=nvptx-none --without-cuda-driver --enable-offload-defaulted --enable-gnu-indirect-function --enable-cet --with-tune=generic --with-arch_32=i686 --build=x86_64-redhat-linux --with-build-config=bootstrap-lto --enable-link-serialization=1
Thread model: posix
Supported LTO compression algorithms: zlib zstd
gcc version 13.2.1 20231011 (Red Hat 13.2.1-4) (GCC) 
... rest of stderr output deleted ...
configure:4129: $? = 0
configure:4118: gcc -V >&5
gcc: error: unrecognized command-line option '-V'
gcc: fatal error: no input files
compilation terminated.
configure:4129: $? = 1
configure:4118: gcc -qversion >&5
gcc: error: unrecognized command-line option '-qversion'; did you mean '--version'?
gcc: fatal error: no input files
compilation terminated.
configure:4129: $? = 1
configure:4118: gcc -version >&5
gcc: error: unrecognized command-line option '-version'
gcc: fatal error: no input files
compilation terminated.
configure:4129: $? = 1
configure:4133: checking whether the compiler supports GNU C
configure:4153: gcc -c   conftest.c >&5
configure:4153: $? = 0
configure:4163: result: yes
configure:4174: checking whether gcc accepts -g
configure:4195: gcc -c -g  conftest.c >&5
configure:4195: $? = 0
configure:4239: result: yes
configure:4259: checking for gcc option to enable C11 features
configure:4274: gcc  -c -g -O2  conftest.c >&5
configure:4274: $? = 0
configure:4292: result: none needed
configure:4413: checking whether gcc understands -c and -o together
configure:4436: gcc -c conftest.c -o conftest2.o
configure:4439: $? = 0
configure:4436: gcc -c conftest.c -o conftest2.o
configure:4439: $? = 0
configure:4451: result: yes
configure:4473: checking how to run the C preprocessor
configure:4499: gcc -E  conftest.c
configure:4499: $? = 0
configure:4514: gcc -E  conftest.c
conftest.c:9:10: fatal error: ac_nonexistent.h: No such file or directory
    9 | #include <ac_nonexistent.h>
      |          ^~~~~~~~~~~~~~~~~~
compilation terminated.
configure:4514: $? = 1
configure: failed program was:
| /* confdefs.h */
| #define PACKAGE_NAME "badml"
| #define PACKAGE_TARNAME "badml"
| #define PACKAGE_VERSION "0.1"
| #define PACKAGE_STRING "badml 0.1"
| #define PACKAGE_BUGREPORT "jonas.brandstoetter@gmx.at"
| #define PACKAGE_URL ""
| /* end confdefs.h.  */
| #include <ac_nonexistent.h>
configure:4541: result: gcc -E
configure:4555: gcc -E  conftest.c
configure:4555: $? = 0
configure:4570: gcc -E  conftest.c
conftest.c:9:10: fatal error: ac_nonexistent.h: No such file or directory
    9 | #include <ac_nonexistent.h>
      |          ^~~~~~~~~~~~~~~~~~
compilation terminated.
configure:4570: $? = 1
configure: failed program was:
| /* confdefs.h */
| #define PACKAGE_NAME "badml"
| #define PACKAGE_TARNAME "badml"
| #define PACKAGE_VERSION "0.1"
| #define PACKAGE_STRING "badml 0.1"
| #define PACKAGE_BUGREPORT "jonas.brandstoetter@gmx.at"
| #define PACKAGE_URL ""
| /* end confdefs.h.  */
| #include <ac_nonexistent.h>
configure:4615: checking for a BSD-compatible install
configure:4688: result: /usr/bin/install -c
configure:4699: checking whether ln -s works
configure:4703: result: yes
configure:4710: checking whether make sets $(MAKE)
configure:4733: result: yes
configure:4790: checking for ranlib
configure:4811: found /usr/bin/ranlib
configure:4822: result: ranlib
configure:4846: checking for clang-tidy
configure:4869: found /usr/bin/clang-tidy
configure:4882: result: /usr/bin/clang-tidy
configure:4954: checking for pkg-config
configure:4977: found /usr/bin/pkg-config
configure:4989: result: /usr/bin/pkg-config
configure:5014: checking pkg-config is at least version 0.9.0
configure:5017: result: yes
configure:5027: checking for CHECK
configure:5034: $PKG_CONFIG --exists --print-errors "check >= 0.15.2"
configure:5037: $? = 0
configure:5051: $PKG_CONFIG --exists --print-errors "check >= 0.15.2"
configure:5054: $? = 0
configure:5112: result: yes
configure:5122: checking for stdio.h
configure:5122: gcc -c -g -O2  conftest.c >&5
configure:5122: $? = 0
configure:5122: result: yes
configure:5122: checking for stdlib.h
configure:5122: gcc -c -g -O2  conftest.c >&5
configure:5122: $? = 0
configure:5122: result: yes
configure:5122: checking for string.h
configure:5122: gcc -c -g -O2  conftest.c >&5
configure:5122: $? = 0
configure:5122: result: yes
configure:5122: checking for inttypes.h
configure:5122: gcc -c -g -O2  conftest.c >&5
configure:5122: $? = 0
configure:5122: result: yes
configure:5122: checking for stdint.h
configure:5122: gcc -c -g -O2  conftest.c >&5
configure:5122: $? = 0
configure:5122: result: yes
configure:5122: checking for strings.h
configure:5122: gcc -c -g -O2  conftest.c >&5
configure:5122: $? = 0
configure:5122: result: yes
configure:5122: checking for sys/stat.h
configure:5122: gcc -c -g -O2  conftest.c >&5
configure:5122: $? = 0
configure:5122: result: yes
configure:5122: checking for sys/types.h
configure:5122: gcc -c -g -O2  conftest.c >&5
configure:5122: $? = 0
configure:5122: result: yes
configure:5122: checking for unistd.h
configure:5122: gcc -c -g -O2  conftest.c >&5
configure:5122: $? = 0
configure:5122: result: yes
configure:5147: checking for size_t
configure:5147: gcc -c -g -O2  conftest.c >&5
configure:5147: $? = 0
configure:5147: gcc -c -g -O2  conftest.c >&5
conftest.c: In function 'main':
conftest.c:50:21: error: expected expression before ')' token
   50 | if (sizeof ((size_t)))
      |                     ^
configure:5147: $? = 1
configure: failed program was:
| /* confdefs.h */
| #define PACKAGE_NAME "badml"
| #define PACKAGE_TARNAME "badml"
| #define PACKAGE_VERSION "0.1"
| #define PACKAGE_STRING "badml 0.1"
| #define PACKAGE_BUGREPORT "jonas.brandstoetter@gmx.at"
| #define PACKAGE_URL ""
| #define HAVE_STDIO_H 1
| #define HAVE_STDLIB_H 1
| #define HAVE_STRING_H 1
| #define HAVE_INTTYPES_H 1
| #define HAVE_STDINT_H 1
| #define HAVE_STRINGS_H 1
| #define HAVE_SYS_STAT_H 1
| #define HAVE_SYS_TYPES_H 1
| #define HAVE_UNISTD_H 1
| #define STDC_HEADERS 1
| /* end confdefs.h.  */
| #include <stddef.h>
| #ifdef HAVE_STDIO_H
| # include <stdio.h>
| #endif
| #ifdef HAVE_STDLIB_H
| # include <stdlib.h>
| #endif
| #ifdef HAVE_STRING_H
| # include <string.h>
| #endif
| #ifdef HAVE_INTTYPES_H
| # include <inttypes.h>
| #endif
| #ifdef HAVE_STDINT_H
| # include <stdint.h>
| #endif
| #ifdef HAVE_STRINGS_H
| # include <strings.h>
| #endif
| #ifdef HAVE_SYS_TYPES_H
| # include <sys/types.h>
| #endif
| #ifdef HAVE_SYS_STAT_H
| # include <sys/stat.h>
| #endif
| #ifdef HAVE_UNISTD_H
| # include <unistd.h>
| #endif
| int
| main (void)
| {
| if (sizeof ((size_t)))
| 	    return 0;
|   ;
|   return 0;
| }
configure:5147: result: yes
configure:5157: checking for strerror
configure:5157: gcc -o conftest -g -O2   conftest.c  >&5
configure:5157: $? = 0
configure:5157: result: yes
configure:5167: checking whether build environment is sane
configure:5222: result: yes
configure:5377: checking for a race-free mkdir -p
configure:5421: result: /usr/bin/mkdir -p
configure:5437: checking whether make supports the include directive
configure:5452: make -f confmf.GNU && cat confinc.out
make[1]: Entering directory '/home/jonas/src/badml'
make[1]: Leaving directory '/home/jonas/src/badml'
this is the am__doit target
configure:5455: $? = 0
configure:5474: result: yes (GNU style)
configure:5509: checking whether make supports nested variables
configure:5527: result: yes
configure:5608: checking dependency style of gcc
configure:5720: result: gcc3
configure:5737: checking dependency style of g++
configure:5849: result: gcc3
configure:5976: checking for ar
configure:5997: found /usr/bin/ar
configure:6008: result: ar
configure:6034: checking the archiver (ar) interface
configure:6051: gcc -c -g -O2  conftest.c >&5
configure:6051: $? = 0
configure:6054: ar cru libconftest.a conftest.o >&5
configure:6057: $? = 0
configure:6085: result: ar
configure:6138: checking build system type
configure:6153: result: x86_64-pc-linux-gnu
configure:6173: checking host system type
configure:6187: result: x86_64-pc-linux-gnu
configure:6228: checking how to print strings
configure:6255: result: printf
configure:6276: checking for a sed that does not truncate output
configure:6346: result: /usr/bin/sed
configure:6364: checking for grep that handles long lines and -e
configure:6428: result: /usr/bin/grep
configure:6433: checking for egrep
configure:6501: result: /usr/bin/grep -E
configure:6506: checking for fgrep
configure:6574: result: /usr/bin/grep -F
configure:6610: checking for ld used by gcc
configure:6678: result: /usr/bin/ld
configure:6685: checking if the linker (/usr/bin/ld) is GNU ld
configure:6701: result: yes
configure:6713: checking for BSD- or MS-compatible name lister (nm)
configure:6768: result: /usr/bin/nm -B
configure:6908: checking the name lister (/usr/bin/nm -B) interface
configure:6916: gcc -c -g -O2  conftest.c >&5
configure:6919: /usr/bin/nm -B "conftest.o"
configure:6922: output
0000000000000000 B some_variable
configure:6929: result: BSD nm
configure:6933: checking the maximum length of command line arguments
configure:7065: result: 1572864
configure:7113: checking how to convert x86_64-pc-linux-gnu file names to x86_64-pc-linux-gnu format
configure:7154: result: func_convert_file_noop
configure:7161: checking how to convert x86_64-pc-linux-gnu file names to toolchain format
configure:7182: result: func_convert_file_noop
configure:7189: checking for /usr/bin/ld option to reload object files
configure:7197: result: -r
configure:7276: checking for file
configure:7297: found /usr/bin/file
configure:7308: result: file
configure:7384: checking for objdump
configure:7405: found /usr/bin/objdump
configure:7416: result: objdump
configure:7448: checking how to recognize dependent libraries
configure:7649: result: pass_all
configure:7739: checking for dlltool
configure:7774: result: no
configure:7804: checking how to associate runtime and link libraries
configure:7832: result: printf %s\n
configure:7982: checking for archiver @FILE support
configure:8000: gcc -c -g -O2  conftest.c >&5
configure:8000: $? = 0
configure:8004: ar cr libconftest.a @conftest.lst >&5
configure:8007: $? = 0
configure:8012: ar cr libconftest.a @conftest.lst >&5
ar: conftest.o: No such file or directory
configure:8015: $? = 1
configure:8027: result: @
configure:8090: checking for strip
configure:8111: found /usr/bin/strip
configure:8122: result: strip
configure:8199: checking for ranlib
configure:8231: result: ranlib
configure:8333: checking command to parse /usr/bin/nm -B output from gcc object
configure:8487: gcc -c -g -O2  conftest.c >&5
configure:8490: $? = 0
configure:8494: /usr/bin/nm -B conftest.o \| /usr/bin/sed -n -e 's/^.*[ ]\([ABCDGIRSTW][ABCDGIRSTW]*\)[ ][ ]*\([_A-Za-z][_A-Za-z0-9]*\)$/\1 \2 \2/p' | /usr/bin/sed '/ __gnu_lto/d' \> conftest.nm
configure:8497: $? = 0
configure:8563: gcc -o conftest -g -O2   conftest.c conftstm.o >&5
configure:8566: $? = 0
configure:8604: result: ok
configure:8651: checking for sysroot
configure:8682: result: no
configure:8689: checking for a working dd
configure:8733: result: /usr/bin/dd
configure:8737: checking how to truncate binary pipes
configure:8753: result: /usr/bin/dd bs=4096 count=1
configure:8890: gcc -c -g -O2  conftest.c >&5
configure:8893: $? = 0
configure:9090: checking for mt
configure:9125: result: no
configure:9145: checking if : is a manifest tool
configure:9152: : '-?'
configure:9160: result: no
configure:9881: checking for dlfcn.h
configure:9881: gcc -c -g -O2  conftest.c >&5
configure:9881: $? = 0
configure:9881: result: yes
configure:10151: checking for objdir
configure:10167: result: .libs
configure:10431: checking if gcc supports -fno-rtti -fno-exceptions
configure:10450: gcc -c -g -O2  -fno-rtti -fno-exceptions conftest.c >&5
cc1: warning: command-line option '-fno-rtti' is valid for C++/D/ObjC++ but not for C
configure:10454: $? = 0
configure:10467: result: no
configure:10825: checking for gcc option to produce PIC
configure:10833: result: -fPIC -DPIC
configure:10841: checking if gcc PIC flag -fPIC -DPIC works
configure:10860: gcc -c -g -O2  -fPIC -DPIC -DPIC conftest.c >&5
configure:10864: $? = 0
configure:10877: result: yes
configure:10906: checking if gcc static flag -static works
configure:10935: result: yes
configure:10950: checking if gcc supports -c -o file.o
configure:10972: gcc -c -g -O2  -o out/conftest2.o conftest.c >&5
configure:10976: $? = 0
configure:10998: result: yes
configure:11006: checking if gcc supports -c -o file.o
configure:11054: result: yes
configure:11087: checking whether the gcc linker (/usr/bin/ld -m elf_x86_64) supports shared libraries
configure:12355: result: yes
configure:12392: checking whether -lc should be explicitly linked in
configure:12401: gcc -c -g -O2  conftest.c >&5
configure:12404: $? = 0
configure:12419: gcc -shared  -fPIC -DPIC conftest.o  -v -Wl,-soname -Wl,conftest -o conftest 2\>\&1 \| /usr/bin/grep  -lc  \>/dev/null 2\>\&1
configure:12422: $? = 0
configure:12436: result: no
configure:12596: checking dynamic linker characteristics
configure:13178: gcc -o conftest -g -O2   -Wl,-rpath -Wl,/foo conftest.c  >&5
configure:13178: $? = 0
configure:13420: result: GNU/Linux ld.so
configure:13542: checking how to hardcode library paths into programs
configure:13567: result: immediate
configure:14119: checking whether stripping libraries is possible
configure:14128: result: yes
configure:14170: checking if libtool supports shared libraries
configure:14172: result: yes
configure:14175: checking whether to build shared libraries
configure:14200: result: yes
configure:14203: checking whether to build static libraries
configure:14207: result: yes
configure:14230: checking how to run the C++ preprocessor
configure:14252: g++ -E  conftest.cpp
configure:14252: $? = 0
configure:14267: g++ -E  conftest.cpp
conftest.cpp:24:10: fatal error: ac_nonexistent.h: No such file or directory
   24 | #include <ac_nonexistent.h>
      |          ^~~~~~~~~~~~~~~~~~
compilation terminated.
configure:14267: $? = 1
configure: failed program was:
| /* confdefs.h */
| #define PACKAGE_NAME "badml"
| #define PACKAGE_TARNAME "badml"
| #define PACKAGE_VERSION "0.1"
| #define PACKAGE_STRING "badml 0.1"
| #define PACKAGE_BUGREPORT "jonas.brandstoetter@gmx.at"
| #define PACKAGE_URL ""
| #define HAVE_STDIO_H 1
| #define HAVE_STDLIB_H 1
| #define HAVE_STRING_H 1
| #define HAVE_INTTYPES_H 1
| #define HAVE_STDINT_H 1
| #define HAVE_STRINGS_H 1
| #define HAVE_SYS_STAT_H 1
| #define HAVE_SYS_TYPES_H 1
| #define HAVE_UNISTD_H 1
| #define STDC_HEADERS 1
| #define HAVE_STRERROR 1
| #define PACKAGE "badml"
| #define VERSION "0.1"
| #define HAVE_DLFCN_H 1
| #define LT_OBJDIR ".libs/"
| /* end confdefs.h.  */
| #include <ac_nonexistent.h>
configure:14294: result: g++ -E
configure:14308: g++ -E  conftest.cpp
configure:14308: $? = 0
configure:14323: g++ -E  conftest.cpp
conftest.cpp:24:10: fatal error: ac_nonexistent.h: No such file or directory
   24 | #include <ac_nonexistent.h>
      |          ^~~~~~~~~~~~~~~~~~
compilation terminated.
configure:14323: $? = 1
configure: failed program was:
| /* confdefs.h */
| #define PACKAGE_NAME "badml"
| #define PACKAGE_TARNAME "badml"
| #define PACKAGE_VERSION "0.1"
| #define PACKAGE_STRING "badml 0.1"
| #define PACKAGE_BUGREPORT "jonas.brandstoetter@gmx.at"
| #define PACKAGE_URL ""
| #define HAVE_STDIO_H 1
| #define HAVE_STDLIB_H 1
| #define HAVE_STRING_H 1
| #define HAVE_INTTYPES_H 1
| #define HAVE_STDINT_H 1
| #define HAVE_STRINGS_H 1
| #define HAVE_SYS_STAT_H 1
| #define HAVE_SYS_TYPES_H 1
| #define HAVE_UNISTD_H 1
| #define STDC_HEADERS 1
| #define HAVE_STRERROR 1
| #define PACKAGE "badml"
| #define VERSION "0.1"
| #define HAVE_DLFCN_H 1
| #define LT_OBJDIR ".libs/"
| /* end confdefs.h.  */
| #include <ac_nonexistent.h>
configure:14488: checking for ld used by g++
configure:14556: result: /usr/bin/ld -m elf_x86_64
configure:14563: checking if the linker (/usr/bin/ld -m elf_x86_64) is GNU ld
configure:14579: result: yes
configure:14634: checking whether the g++ linker (/usr/bin/ld -m elf_x86_64) supports shared libraries
configure:15712: result: yes
configure:15748: g++ -c -g -O2  conftest.cpp >&5
configure:15751: $? = 0
configure:16232: checking for g++ option to produce PIC
configure:16240: result: -fPIC -DPIC
configure:16248: checking if g++ PIC flag -fPIC -DPIC works
configure:16267: g++ -c -g -O2  -fPIC -DPIC -DPIC conftest.cpp >&5
configure:16271: $? = 0
configure:16284: result: yes
configure:16307: checking if g++ static flag -static works
configure:16336: result: no
configure:16348: checking if g++ supports -c -o file.o
configure:16370: g++ -c -g -O2  -o out/conftest2.o conftest.cpp >&5
configure:16374: $? = 0
configure:16396: result: yes
configure:16401: checking if g++ supports -c -o file.o
configure:16449: result: yes
configure:16479: checking whether the g++ linker (/usr/bin/ld -m elf_x86_64) supports shared libraries
configure:16519: result: yes
configure:16661: checking dynamic linker characteristics
configure:17412: result: GNU/Linux ld.so
configure:17477: checking how to hardcode library paths into programs
configure:17502: result: immediate
configure:17667: checking that generated files are newer than configure
configure:17673: result: done
configure:17700: creating ./config.status

## ---------------- ##
## Cache variables. ##
## ---------------- ##

ac_cv_build=x86_64-pc-linux-gnu
ac_cv_c_compiler_gnu=yes
ac_cv_cxx_compiler_gnu=yes
ac_cv_env_CCC_set=
ac_cv_env_CCC_value=
ac_cv_env_CC_set=
ac_cv_env_CC_value=
ac_cv_env_CFLAGS_set=
ac_cv_env_CFLAGS_value=
ac_cv_env_CHECK_CFLAGS_set=
ac_cv_env_CHECK_CFLAGS_value=
ac_cv_env_CHECK_LIBS_set=
ac_cv_env_CHECK_LIBS_value=
ac_cv_env_CPPFLAGS_set=
ac_cv_env_CPPFLAGS_value=
ac_cv_env_CPP_set=
ac_cv_env_CPP_value=
ac_cv_env_CXXCPP_set=
ac_cv_env_CXXCPP_value=
ac_cv_env_CXXFLAGS_set=
ac_cv_env_CXXFLAGS_value=
ac_cv_env_CXX_set=
ac_cv_env_CXX_value=
ac_cv_env_LDFLAGS_set=
ac_cv_env_LDFLAGS_value=
ac_cv_env_LIBS_set=
ac_cv_env_LIBS_value=
ac_cv_env_LT_SYS_LIBRARY_PATH_set=
ac_cv_env_LT_SYS_LIBRARY_PATH_value=
ac_cv_env_PKG_CONFIG_LIBDIR_set=
ac_cv_env_PKG_CONFIG_LIBDIR_value=
ac_cv_env_PKG_CONFIG_PATH_set=
ac_cv_env_PKG_CONFIG_PATH_value=
ac_cv_env_PKG_CONFIG_set=
ac_cv_env_PKG_CONFIG_value=
ac_cv_env_build_alias_set=
ac_cv_env_build_alias_value=
ac_cv_env_host_alias_set=
ac_cv_env_host_alias_value=
ac_cv_env_target_alias_set=
ac_cv_env_target_alias_value=
ac_cv_func_strerror=yes
ac_cv_header_dlfcn_h=yes
ac_cv_header_inttypes_h=yes
ac_cv_header_stdint_h=yes
ac_cv_header_stdio_h=yes
ac_cv_header_stdlib_h=yes
ac_cv_header_string_h=yes
ac_cv_header_strings_h=yes
ac_cv_header_sys_stat_h=yes
ac_cv_header_sys_types_h=yes
ac_cv_header_unistd_h=yes
ac_cv_host=x86_64-pc-linux-gnu
ac_cv_objext=o
ac_cv_path_CLANG_TIDY=/usr/bin/clang-tidy
ac_cv_path_EGREP='/usr/bin/grep -E'
ac_cv_path_FGREP='/usr/bin/grep -F'
ac_cv_path_GREP=/usr/bin/grep
ac_cv_path_SED=/usr/bin/sed
ac_cv_path_ac_pt_PKG_CONFIG=/usr/bin/pkg-config
ac_cv_path_install='/usr/bin/install -c'
ac_cv_path_lt_DD=/usr/bin/dd
ac_cv_path_mkdir=/usr/bin/mkdir
ac_cv_prog_AWK=gawk
ac_cv_prog_CPP='gcc -E'
ac_cv_prog_CXXCPP='g++ -E'
ac_cv_prog_ac_ct_AR=ar
ac_cv_prog_ac_ct_CC=gcc
ac_cv_prog_ac_ct_CXX=g++
ac_cv_prog_ac_ct_FILECMD=file
ac_cv_prog_ac_ct_OBJDUMP=objdump
ac_cv_prog_ac_ct_RANLIB=ranlib
ac_cv_prog_ac_ct_STRIP=strip
ac_cv_prog_cc_c11=
ac_cv_prog_cc_g=yes
ac_cv_prog_cc_stdc=
ac_cv_prog_cxx_cxx11=
ac_cv_prog_cxx_g=yes
ac_cv_prog_cxx_stdcxx=
ac_cv_prog_make_make_set=yes
ac_cv_type_size_t=yes
am_cv_CC_dependencies_compiler_type=gcc3
am_cv_CXX_dependencies_compiler_type=gcc3
am_cv_ar_interface=ar
am_cv_make_support_nested_variables=yes
am_cv_prog_cc_c_o=yes
lt_cv_ar_at_file=@
lt_cv_archive_cmds_need_lc=no
lt_cv_deplibs_check_method=pass_all
lt_cv_file_magic_cmd='$MAGIC_CMD'
lt_cv_file_magic_test_file=
lt_cv_ld_reload_flag=-r
lt_cv_nm_interface='BSD nm'
lt_cv_objdir=.libs
lt_cv_path_LD=/usr/bin/ld
lt_cv_path_LDCXX='/usr/bin/ld -m elf_x86_64'
lt_cv_path_NM='/usr/bin/nm -B'
lt_cv_path_mainfest_tool=no
lt_cv_prog_compiler_c_o=yes
lt_cv_prog_compiler_c_o_CXX=yes
lt_cv_prog_compiler_pic='-fPIC -DPIC'
lt_cv_prog_compiler_pic_CXX='-fPIC -DPIC'
lt_cv_prog_compiler_pic_works=yes
lt_cv_prog_compiler_pic_works_CXX=yes
lt_cv_prog_compiler_rtti_exceptions=no
lt_cv_prog_compiler_static_works=yes
lt_cv_prog_compiler_static_works_CXX=no
lt_cv_prog_gnu_ld=yes
lt_cv_prog_gnu_ldcxx=yes
lt_cv_sharedlib_from_linklib_cmd='printf %s\n'
lt_cv_shlibpath_overrides_runpath=yes
lt_cv_sys_global_symbol_pipe='/usr/bin/sed -n -e '\''s/^.*[	 ]\([ABCDGIRSTW][ABCDGIRSTW]*\)[	 ][	 ]*\([_A-Za-z][_A-Za-z0-9]*\)$/\1 \2 \2/p'\'' | /usr/bin/sed '\''/ __gnu_lto/d'\'''
lt_cv_sys_global_symbol_to_c_name_address='/usr/bin/sed -n -e '\''s/^: \(.*\) .*$/  {"\1", (void *) 0},/p'\'' -e '\''s/^[ABCDGIRSTW][ABCDGIRSTW]* .* \(.*\)$/  {"\1", (void *) \&\1},/p'\'''
lt_cv_sys_global_symbol_to_c_name_address_lib_prefix='/usr/bin/sed -n -e '\''s/^: \(.*\) .*$/  {"\1", (void *) 0},/p'\'' -e '\''s/^[ABCDGIRSTW][ABCDGIRSTW]* .* \(lib.*\)$/  {"\1", (void *) \&\1},/p'\'' -e '\''s/^[ABCDGIRSTW][ABCDGIRSTW]* .* \(.*\)$/  {"lib\1", (void *) \&\1},/p'\'''
lt_cv_sys_global_symbol_to_cdecl='/usr/bin/sed -n -e '\''s/^T .* \(.*\)$/extern int \1();/p'\'' -e '\''s/^[ABCDGIRSTW][ABCDGIRSTW]* .* \(.*\)$/extern char \1;/p'\'''
lt_cv_sys_global_symbol_to_import=
lt_cv_sys_max_cmd_len=1572864
lt_cv_to_host_file_cmd=func_convert_file_noop
lt_cv_to_tool_file_cmd=func_convert_file_noop
lt_cv_truncate_bin='/usr/bin/dd bs=4096 count=1'
pkg_cv_CHECK_CFLAGS=
pkg_cv_CHECK_LIBS='-lcheck '

## ----------------- ##
## Output variables. ##
## ----------------- ##

ACLOCAL='${SHELL} '\''/home/jonas/src/badml/build-aux/missing'\'' aclocal-1.16'
AMDEPBACKSLASH='\'
AMDEP_FALSE='#'
AMDEP_TRUE=''
AMTAR='$${TAR-tar}'
AM_BACKSLASH='\'
AM_DEFAULT_V='$(AM_DEFAULT_VERBOSITY)'
AM_DEFAULT_VERBOSITY='1'
AM_V='$(V)'
AR='ar'
AUTOCONF='${SHELL} '\''/home/jonas/src/badml/build-aux/missing'\'' autoconf'
AUTOHEADER='${SHELL} '\''/home/jonas/src/badml/build-aux/missing'\'' autoheader'
AUTOMAKE='${SHELL} '\''/home/jonas/src/badml/build-aux/missing'\'' automake-1.16'
AWK='gawk'
CC='gcc'
CCDEPMODE='depmode=gcc3'
CFLAGS='-g -O2'
CHECK_CFLAGS=''
CHECK_LIBS='-lcheck '
CLANG_TIDY='/usr/bin/clang-tidy'
CPP='gcc -E'
CPPFLAGS=''
CSCOPE='cscope'
CTAGS='ctags'
CXX='g++'
CXXCPP='g++ -E'
CXXDEPMODE='depmode=gcc3'
CXXFLAGS='-g -O2'
CYGPATH_W='echo'
DEFS='-DHAVE_CONFIG_H'
DEPDIR='.deps'
DLLTOOL='false'
DSYMUTIL=''
DUMPBIN=''
ECHO_C=''
ECHO_N='-n'
ECHO_T=''
EGREP='/usr/bin/grep -E'
ETAGS='etags'
EXEEXT=''
FGREP='/usr/bin/grep -F'
FILECMD='file'
GREP='/usr/bin/grep'
INSTALL_DATA='${INSTALL} -m 644'
INSTALL_PROGRAM='${INSTALL}'
INSTALL_SCRIPT='${INSTALL}'
INSTALL_STRIP_PROGRAM='$(install_sh) -c -s'
LD='/usr/bin/ld -m elf_x86_64'
LDFLAGS=''
LIBOBJS=''
LIBS=''
LIBTOOL='$(SHELL) $(top_builddir)/libtool'
LIPO=''
LN_S='ln -s'
LTLIBOBJS=''
LT_SYS_LIBRARY_PATH=''
MAKEINFO='${SHELL} '\''/home/jonas/src/badml/build-aux/missing'\'' makeinfo'
MANIFEST_TOOL=':'
MKDIR_P='/usr/bin/mkdir -p'
NM='/usr/bin/nm -B'
NMEDIT=''
OBJDUMP='objdump'
OBJEXT='o'
OTOOL64=''
OTOOL=''
PACKAGE='badml'
PACKAGE_BUGREPORT='jonas.brandstoetter@gmx.at'
PACKAGE_NAME='badml'
PACKAGE_STRING='badml 0.1'
PACKAGE_TARNAME='badml'
PACKAGE_URL=''
PACKAGE_VERSION='0.1'
PATH_SEPARATOR=':'
PKG_CONFIG='/usr/bin/pkg-config'
PKG_CONFIG_LIBDIR=''
PKG_CONFIG_PATH=''
RANLIB='ranlib'
SED='/usr/bin/sed'
SET_MAKE=''
SHELL='/bin/sh'
STRIP='strip'
VERSION='0.1'
ac_ct_AR='ar'
ac_ct_CC='gcc'
ac_ct_CXX='g++'
ac_ct_DUMPBIN=''
am__EXEEXT_FALSE=''
am__EXEEXT_TRUE='#'
am__fastdepCC_FALSE='#'
am__fastdepCC_TRUE=''
am__fastdepCXX_FALSE='#'
am__fastdepCXX_TRUE=''
am__include='include'
am__isrc=''
am__leading_dot='.'
am__nodep='_no'
am__quote=''
am__tar='$${TAR-tar} chof - "$$tardir"'
am__untar='$${TAR-tar} xf -'
bindir='${exec_prefix}/bin'
build='x86_64-pc-linux-gnu'
build_alias=''
build_cpu='x86_64'
build_os='linux-gnu'
build_vendor='pc'
datadir='${datarootdir}'
datarootdir='${prefix}/share'
docdir='${datarootdir}/doc/${PACKAGE_TARNAME}'
dvidir='${docdir}'
exec_prefix='${prefix}'
host='x86_64-pc-linux-gnu'
host_alias=''
host_cpu='x86_64'
host_os='linux-gnu'
host_vendor='pc'
htmldir='${docdir}'
includedir='${prefix}/include'
infodir='${datarootdir}/info'
install_sh='${SHELL} /home/jonas/src/badml/build-aux/install-sh'
libdir='${exec_prefix}/lib'
libexecdir='${exec_prefix}/libexec'
localedir='${datarootdir}/locale'
localstatedir='${prefix}/var'
mandir='${datarootdir}/man'
mkdir_p='$(MKDIR_P)'
oldincludedir='/usr/include'
pdfdir='${docdir}'
prefix='/usr/local'
program_transform_name='s,x,x,'
psdir='${docdir}'
runstatedir='${localstatedir}/run'
sbindir='${exec_prefix}/sbin'
sharedstatedir='${prefix}/com'
sysconfdir='${prefix}/etc'
target_alias=''

## ----------- ##
## confdefs.h. ##
## ----------- ##

/* confdefs.h */
#define PACKAGE_NAME "badml"
#define PACKAGE_TARNAME "badml"
#define PACKAGE_VERSION "0.1"
#define PACKAGE_STRING "badml 0.1"
#define PACKAGE_BUGREPORT "jonas.brandstoetter@gmx.at"
#define PACKAGE_URL ""
#define HAVE_STDIO_H 1
#define HAVE_STDLIB_H 1
#define HAVE_STRING_H 1
#define HAVE_INTTYPES_H 1
#define HAVE_STDINT_H 1
#define HAVE_STRINGS_H 1
#define HAVE_SYS_STAT_H 1
#define HAVE_SYS_TYPES_H 1
#define HAVE_UNISTD_H 1
#define STDC_HEADERS 1
#define HAVE_STRERROR 1
#define PACKAGE "badml"
#define VERSION "0.1"
#define HAVE_DLFCN_H 1
#define LT_OBJDIR ".libs/"

configure: exit 0

## ---------------------- ##
## Running config.status. ##
## ---------------------- ##

This file was extended by badml config.status 0.1, which was
generated by GNU Autoconf 2.71.  Invocation command line was

  CONFIG_FILES    = 
  CONFIG_HEADERS  = 
  CONFIG_LINKS    = 
  CONFIG_COMMANDS = 
  $ ./config.status 

on fedora.fritz.box

config.status:1155: creating Makefile
config.status:1155: creating src/Makefile
config.status:1155: creating tests/Makefile
config.status:1155: creating config.h
config.status:1336: config.h is unchanged
config.status:1384: executing depfiles commands
config.status:1461: cd src       && sed -e '/# am--include-marker/d' Makefile         | make -f - am--depfiles
make[1]: Entering directory '/home/jonas/src/badml/src'
make[1]: Nothing to be done for 'am--depfiles'.
make[1]: Leaving directory '/home/jonas/src/badml/src'
config.status:1466: $? = 0
config.status:1461: cd tests       && sed -e '/# am--include-marker/d' Makefile         | make -f - am--depfiles
make[1]: Entering directory '/home/jonas/src/badml/tests'
make[1]: Nothing to be done for 'am--depfiles'.
make[1]: Leaving directory '/home/jonas/src/badml/tests'
config.status:1466: $? = 0
config.status:1384: executing libtool commands

## ---------------------- ##
## Running config.status. ##
## ---------------------- ##

This file was extended by badml config.status 0.1, which was
generated by GNU Autoconf 2.71.  Invocation command line was

  CONFIG_FILES    = 
  CONFIG_HEADERS  = 
  CONFIG_LINKS    = 
  CONFIG_COMMANDS = 
  $ ./config.status config.h

on fedora.fritz.box

config.status:1155: creating config.h
config.status:1336: config.h is unchanged
